Using pre-set license
Built from '2021.3/staging' branch; Version is '2021.3.3f1 (af2e63e8f9bd) revision 11480675'; Using compiler version '192829333'; Build Type 'Release'
OS: 'Windows 10  (10.0.19044) 64bit CoreSingleLanguage' Language: 'tr' Physical Memory: 8077 MB
BatchMode: 1, IsHumanControllingUs: 0, StartBugReporterOnCrash: 0, Is64bit: 1, IsPro: 1

COMMAND LINE ARGUMENTS:
C:\Program Files\Unity\Hub\Editor\2021.3.3f1\Editor\Unity.exe
-adb2
-batchMode
-noUpm
-name
AssetImportWorker1
-projectPath
C:/Users/serdar/Documents/GitHub/4Strong1Emissary
-logFile
Logs/AssetImportWorker1.log
-srvPort
54600
Successfully changed project path to: C:/Users/serdar/Documents/GitHub/4Strong1Emissary
C:/Users/serdar/Documents/GitHub/4Strong1Emissary
[UnityMemory] Configuration Parameters - Can be set up in boot.config
    "memorysetup-bucket-allocator-granularity=16"
    "memorysetup-bucket-allocator-bucket-count=8"
    "memorysetup-bucket-allocator-block-size=33554432"
    "memorysetup-bucket-allocator-block-count=8"
    "memorysetup-main-allocator-block-size=16777216"
    "memorysetup-thread-allocator-block-size=16777216"
    "memorysetup-gfx-main-allocator-block-size=16777216"
    "memorysetup-gfx-thread-allocator-block-size=16777216"
    "memorysetup-cache-allocator-block-size=4194304"
    "memorysetup-typetree-allocator-block-size=2097152"
    "memorysetup-profiler-bucket-allocator-granularity=16"
    "memorysetup-profiler-bucket-allocator-bucket-count=8"
    "memorysetup-profiler-bucket-allocator-block-size=33554432"
    "memorysetup-profiler-bucket-allocator-block-count=8"
    "memorysetup-profiler-allocator-block-size=16777216"
    "memorysetup-profiler-editor-allocator-block-size=1048576"
    "memorysetup-temp-allocator-size-main=16777216"
    "memorysetup-job-temp-allocator-block-size=2097152"
    "memorysetup-job-temp-allocator-block-size-background=1048576"
    "memorysetup-job-temp-allocator-reduction-small-platforms=262144"
    "memorysetup-temp-allocator-size-background-worker=32768"
    "memorysetup-temp-allocator-size-job-worker=262144"
    "memorysetup-temp-allocator-size-preload-manager=33554432"
    "memorysetup-temp-allocator-size-nav-mesh-worker=65536"
    "memorysetup-temp-allocator-size-audio-worker=65536"
    "memorysetup-temp-allocator-size-cloud-worker=32768"
    "memorysetup-temp-allocator-size-gi-baking-worker=262144"
    "memorysetup-temp-allocator-size-gfx=262144"
Refreshing native plugins compatible for Editor in 115.15 ms, found 2 plugins.
Preloading 0 native plugins for Editor in 0.00 ms.
Initialize engine version: 2021.3.3f1 (af2e63e8f9bd)
[Subsystems] Discovering subsystems at path C:/Program Files/Unity/Hub/Editor/2021.3.3f1/Editor/Data/Resources/UnitySubsystems
[Subsystems] Discovering subsystems at path C:/Users/serdar/Documents/GitHub/4Strong1Emissary/Assets
GfxDevice: creating device client; threaded=0; jobified=0
Direct3D:
    Version:  Direct3D 11.0 [level 11.0]
    Renderer: NVIDIA GeForce 920M (ID=0x1299)
    Vendor:   NVIDIA
    VRAM:     2009 MB
    Driver:   25.21.14.2531
Initialize mono
Mono path[0] = 'C:/Program Files/Unity/Hub/Editor/2021.3.3f1/Editor/Data/Managed'
Mono path[1] = 'C:/Program Files/Unity/Hub/Editor/2021.3.3f1/Editor/Data/MonoBleedingEdge/lib/mono/unityjit-win32'
Mono config path = 'C:/Program Files/Unity/Hub/Editor/2021.3.3f1/Editor/Data/MonoBleedingEdge/etc'
Using monoOptions --debugger-agent=transport=dt_socket,embedding=1,server=y,suspend=n,address=127.0.0.1:56800
Begin MonoManager ReloadAssembly
Registering precompiled unity dll's ...
Register platform support module: C:/Program Files/Unity/Hub/Editor/2021.3.3f1/Editor/Data/PlaybackEngines/WindowsStandaloneSupport/UnityEditor.WindowsStandalone.Extensions.dll
Registered in 0.013968 seconds.
Native extension for WindowsStandalone target not found
Refreshing native plugins compatible for Editor in 86.48 ms, found 2 plugins.
Preloading 0 native plugins for Editor in 0.00 ms.
Mono: successfully reloaded assembly
- Completed reload, in  1.046 seconds
Domain Reload Profiling:
	ReloadAssembly (1047ms)
		BeginReloadAssembly (217ms)
			ExecutionOrderSort (0ms)
			DisableScriptedObjects (0ms)
			BackupInstance (0ms)
			ReleaseScriptingObjects (0ms)
			CreateAndSetChildDomain (1ms)
		EndReloadAssembly (645ms)
			LoadAssemblies (215ms)
			RebuildTransferFunctionScriptingTraits (0ms)
			SetupTypeCache (167ms)
			ReleaseScriptCaches (0ms)
			RebuildScriptCaches (45ms)
			SetupLoadedEditorAssemblies (359ms)
				LogAssemblyErrors (0ms)
				InitializePlatformSupportModulesInManaged (14ms)
				SetLoadedEditorAssemblies (0ms)
				RefreshPlugins (87ms)
				BeforeProcessingInitializeOnLoad (2ms)
				ProcessInitializeOnLoadAttributes (190ms)
				ProcessInitializeOnLoadMethodAttributes (66ms)
				AfterProcessingInitializeOnLoad (0ms)
				EditorAssembliesLoaded (0ms)
			ExecutionOrderSort2 (0ms)
			AwakeInstancesAfterBackupRestoration (0ms)
Platform modules already initialized, skipping
Registering precompiled user dll's ...
Registered in 0.016902 seconds.
Begin MonoManager ReloadAssembly
Native extension for WindowsStandalone target not found
Refreshing native plugins compatible for Editor in 91.99 ms, found 2 plugins.
Preloading 0 native plugins for Editor in 0.00 ms.
Mono: successfully reloaded assembly
Package Manager log level set to [2]
- Completed reload, in  2.028 seconds
Domain Reload Profiling:
	ReloadAssembly (2030ms)
		BeginReloadAssembly (184ms)
			ExecutionOrderSort (0ms)
			DisableScriptedObjects (11ms)
			BackupInstance (0ms)
			ReleaseScriptingObjects (1ms)
			CreateAndSetChildDomain (32ms)
		EndReloadAssembly (1642ms)
			LoadAssemblies (232ms)
			RebuildTransferFunctionScriptingTraits (0ms)
			SetupTypeCache (304ms)
			ReleaseScriptCaches (1ms)
			RebuildScriptCaches (84ms)
			SetupLoadedEditorAssemblies (923ms)
				LogAssemblyErrors (0ms)
				InitializePlatformSupportModulesInManaged (7ms)
				SetLoadedEditorAssemblies (0ms)
				RefreshPlugins (92ms)
				BeforeProcessingInitializeOnLoad (114ms)
				ProcessInitializeOnLoadAttributes (605ms)
				ProcessInitializeOnLoadMethodAttributes (81ms)
				AfterProcessingInitializeOnLoad (22ms)
				EditorAssembliesLoaded (0ms)
			ExecutionOrderSort2 (0ms)
			AwakeInstancesAfterBackupRestoration (17ms)
Platform modules already initialized, skipping
========================================================================
Worker process is ready to serve import requests
Launched and connected shader compiler UnityShaderCompiler.exe after 0.21 seconds
Refreshing native plugins compatible for Editor in 1.51 ms, found 2 plugins.
Preloading 0 native plugins for Editor in 0.00 ms.
Unloading 2938 Unused Serialized files (Serialized files now loaded: 0)
Unloading 54 unused Assets / (1.5 MB). Loaded Objects now: 3421.
Memory consumption went from 223.1 MB to 221.6 MB.
Total: 5.613800 ms (FindLiveObjects: 0.379700 ms CreateObjectMapping: 0.252200 ms MarkObjects: 4.473100 ms  DeleteObjects: 0.506800 ms)

AssetImportParameters requested are different than current active one (requested -> active):
  custom:video-decoder-ogg-theora: a1e56fd34408186e4bbccfd4996cb3dc -> 
  custom:container-muxer-webm: aa71ff27fc2769a1b78a27578f13a17b -> 
  custom:container-demuxer-webm: 4f35f7cbe854078d1ac9338744f61a02 -> 
  custom:video-encoder-webm-vp8: eb34c28f22e8b96e1ab97ce403110664 -> 
  custom:video-codec-MediaFoundation-h265: 746d11721c4dcdbdad8f713fa42b33f4 -> 
  custom:audio-encoder-webm-vorbis: bf7c407c2cedff20999df2af8eb42d56 -> 
  custom:framework-win-MediaFoundation: 216162199b28c13a410421893ffa2e32 -> 
  custom:container-demuxer-ogg: 62fdf1f143b41e24485cea50d1cbac27 -> 
  custom:video-decoder-webm-vp8: 9c59270c3fd7afecdb556c50c9e8de78 -> 
  custom:audio-decoder-ogg-vorbis: bf7c407c2cedff20999df2af8eb42d56 -> 
========================================================================
Received Import Request.
  Time since last request: 1537765.527937 seconds.
  path: Assets/Obje-Texture/Kaya4/sutr_zula_midle1_NormalsMap.jpg
  artifactKey: Guid(fdb36a6a3934d7f46803bb23df2a1df3) Importer(815301076,1909f56bfc062723c751e8b465ee728b)
Start importing Assets/Obje-Texture/Kaya4/sutr_zula_midle1_NormalsMap.jpg using Guid(fdb36a6a3934d7f46803bb23df2a1df3) Importer(815301076,1909f56bfc062723c751e8b465ee728b)  -> (artifact id: 'ffa3ce1fd9c0b93ad716a9121db8c202') in 0.292232 seconds 
========================================================================
Received Import Request.
  Time since last request: 0.000034 seconds.
  path: Assets/Obje-Texture/Kaya4/sutr_zula_midle1_DiffuseMap.jpg
  artifactKey: Guid(2eae54cca6bd2ca4aa19bba2a62c8497) Importer(815301076,1909f56bfc062723c751e8b465ee728b)
Start importing Assets/Obje-Texture/Kaya4/sutr_zula_midle1_DiffuseMap.jpg using Guid(2eae54cca6bd2ca4aa19bba2a62c8497) Importer(815301076,1909f56bfc062723c751e8b465ee728b)  -> (artifact id: 'ebf0e2d1cdadc2a3bbdb80009275558c') in 0.042115 seconds 
========================================================================
Received Import Request.
  Time since last request: 76.320464 seconds.
  path: Assets/Obje-Texture/Kayalar2/rock_moss_set_02_nor_gl_1k.exr
  artifactKey: Guid(6b4802acea8788247be84b90418d139a) Importer(815301076,1909f56bfc062723c751e8b465ee728b)
Start importing Assets/Obje-Texture/Kayalar2/rock_moss_set_02_nor_gl_1k.exr using Guid(6b4802acea8788247be84b90418d139a) Importer(815301076,1909f56bfc062723c751e8b465ee728b)  -> (artifact id: '4a0d6ab73558e20c5c68a7362bc7042e') in 0.089743 seconds 
========================================================================
Received Import Request.
  Time since last request: 10.029808 seconds.
  path: Assets/Obje-Texture/Kaya seti1/rock_moss_set_01_diff_1k.jpg
  artifactKey: Guid(8e9589aa2f6a3b4408744293f4f166c3) Importer(815301076,1909f56bfc062723c751e8b465ee728b)
Start importing Assets/Obje-Texture/Kaya seti1/rock_moss_set_01_diff_1k.jpg using Guid(8e9589aa2f6a3b4408744293f4f166c3) Importer(815301076,1909f56bfc062723c751e8b465ee728b)  -> (artifact id: '788dda83447c6de82c20d3e35903832f') in 0.033490 seconds 
========================================================================
Received Import Request.
  Time since last request: 0.000034 seconds.
  path: Assets/Obje-Texture/Kaya seti1/rock_moss_set_01_rough_1k.jpg
  artifactKey: Guid(f4e895e7d245d794bbeaf8585ba9c4bf) Importer(815301076,1909f56bfc062723c751e8b465ee728b)
Start importing Assets/Obje-Texture/Kaya seti1/rock_moss_set_01_rough_1k.jpg using Guid(f4e895e7d245d794bbeaf8585ba9c4bf) Importer(815301076,1909f56bfc062723c751e8b465ee728b)  -> (artifact id: 'b9a8f2327844fb865d22529a61c0b7cc') in 0.074122 seconds 
========================================================================
Received Import Request.
  Time since last request: 0.000064 seconds.
  path: Assets/Obje-Texture/Kaya seti1/rock_moss_set_01_nor_gl_1k.exr
  artifactKey: Guid(3042fc4125d80534c90ad68c17449bdb) Importer(815301076,1909f56bfc062723c751e8b465ee728b)
Start importing Assets/Obje-Texture/Kaya seti1/rock_moss_set_01_nor_gl_1k.exr using Guid(3042fc4125d80534c90ad68c17449bdb) Importer(815301076,1909f56bfc062723c751e8b465ee728b)  -> (artifact id: '7fec94cb23ae48f223b97350f4efaa12') in 0.067641 seconds 
